build/app/intermediates/manifest_merge_blame_file/debug/manifest-merger-blame-debug-report.txt
1<?xml version="1.0" encoding="utf-8"?>
2<manifest xmlns:android="http://schemas.android.com/apk/res/android"
3    package="com.example.vig_prot"
4    android:versionCode="1"
5    android:versionName="1.0.0" >
6
7    <uses-sdk
8        android:minSdkVersion="16"
9        android:targetSdkVersion="28" />
10    <!--
11         Flutter needs it to communicate with the running application
12         to allow setting breakpoints, to provide hot reload, etc.
13    -->
14    <uses-permission android:name="android.permission.INTERNET" />
14-->src/debug/AndroidManifest.xml:6:5-66
14-->src/debug/AndroidManifest.xml:6:22-64
15    <!-- Create a unique permission for your app and use it so only your app can receive your OneSignal messages. -->
16    <permission
16-->[com.onesignal:OneSignal:3.15.3] AndroidManifest.xml:7:5-9:47
17        android:name="com.example.vig_prot.permission.C2D_MESSAGE"
17-->[com.onesignal:OneSignal:3.15.3] AndroidManifest.xml:8:9-63
18        android:protectionLevel="signature" />
18-->[com.onesignal:OneSignal:3.15.3] AndroidManifest.xml:9:9-44
19
20    <uses-permission android:name="com.example.vig_prot.permission.C2D_MESSAGE" />
20-->[com.onesignal:OneSignal:3.15.3] AndroidManifest.xml:11:5-79
20-->[com.onesignal:OneSignal:3.15.3] AndroidManifest.xml:11:22-76
21    <uses-permission android:name="com.google.android.c2dm.permission.RECEIVE" /> <!-- Required, makes sure notifications are delivered on time. -->
21-->[com.onesignal:OneSignal:3.15.3] AndroidManifest.xml:17:5-82
21-->[com.onesignal:OneSignal:3.15.3] AndroidManifest.xml:17:22-79
22    <uses-permission android:name="android.permission.WAKE_LOCK" />
22-->[com.onesignal:OneSignal:3.15.3] AndroidManifest.xml:18:5-68
22-->[com.onesignal:OneSignal:3.15.3] AndroidManifest.xml:18:22-65
23    <!--
24 Required so the device vibrates on receiving a push notification.
25         Vibration settings of the device still apply.
26    -->
27    <uses-permission android:name="android.permission.VIBRATE" />
27-->[com.onesignal:OneSignal:3.15.3] AndroidManifest.xml:23:5-66
27-->[com.onesignal:OneSignal:3.15.3] AndroidManifest.xml:23:22-63
28    <uses-permission android:name="android.permission.ACCESS_NETWORK_STATE" />
28-->[com.onesignal:OneSignal:3.15.3] AndroidManifest.xml:24:5-79
28-->[com.onesignal:OneSignal:3.15.3] AndroidManifest.xml:24:22-76
29    <!--
30 Use to restore notifications the user hasn't interacted with.
31         They could be missed notifications if the user reboots their device if this isn't in place.
32    -->
33    <uses-permission android:name="android.permission.RECEIVE_BOOT_COMPLETED" /> <!-- START: ShortcutBadger -->
33-->[com.onesignal:OneSignal:3.15.3] AndroidManifest.xml:29:5-81
33-->[com.onesignal:OneSignal:3.15.3] AndroidManifest.xml:29:22-78
34    <!-- Samsung -->
35    <uses-permission android:name="com.sec.android.provider.badge.permission.READ" />
35-->[com.onesignal:OneSignal:3.15.3] AndroidManifest.xml:31:5-86
35-->[com.onesignal:OneSignal:3.15.3] AndroidManifest.xml:31:22-83
36    <uses-permission android:name="com.sec.android.provider.badge.permission.WRITE" /> <!-- HTC -->
36-->[com.onesignal:OneSignal:3.15.3] AndroidManifest.xml:32:5-87
36-->[com.onesignal:OneSignal:3.15.3] AndroidManifest.xml:32:22-84
37    <uses-permission android:name="com.htc.launcher.permission.READ_SETTINGS" />
37-->[com.onesignal:OneSignal:3.15.3] AndroidManifest.xml:33:5-81
37-->[com.onesignal:OneSignal:3.15.3] AndroidManifest.xml:33:22-78
38    <uses-permission android:name="com.htc.launcher.permission.UPDATE_SHORTCUT" /> <!-- Sony -->
38-->[com.onesignal:OneSignal:3.15.3] AndroidManifest.xml:34:5-83
38-->[com.onesignal:OneSignal:3.15.3] AndroidManifest.xml:34:22-80
39    <uses-permission android:name="com.sonyericsson.home.permission.BROADCAST_BADGE" />
39-->[com.onesignal:OneSignal:3.15.3] AndroidManifest.xml:35:5-88
39-->[com.onesignal:OneSignal:3.15.3] AndroidManifest.xml:35:22-85
40    <uses-permission android:name="com.sonymobile.home.permission.PROVIDER_INSERT_BADGE" /> <!-- Apex -->
40-->[com.onesignal:OneSignal:3.15.3] AndroidManifest.xml:36:5-92
40-->[com.onesignal:OneSignal:3.15.3] AndroidManifest.xml:36:22-89
41    <uses-permission android:name="com.anddoes.launcher.permission.UPDATE_COUNT" /> <!-- Solid -->
41-->[com.onesignal:OneSignal:3.15.3] AndroidManifest.xml:37:5-84
41-->[com.onesignal:OneSignal:3.15.3] AndroidManifest.xml:37:22-81
42    <uses-permission android:name="com.majeur.launcher.permission.UPDATE_BADGE" /> <!-- Huawei -->
42-->[com.onesignal:OneSignal:3.15.3] AndroidManifest.xml:38:5-83
42-->[com.onesignal:OneSignal:3.15.3] AndroidManifest.xml:38:22-80
43    <uses-permission android:name="com.huawei.android.launcher.permission.CHANGE_BADGE" />
43-->[com.onesignal:OneSignal:3.15.3] AndroidManifest.xml:39:5-91
43-->[com.onesignal:OneSignal:3.15.3] AndroidManifest.xml:39:22-88
44    <uses-permission android:name="com.huawei.android.launcher.permission.READ_SETTINGS" />
44-->[com.onesignal:OneSignal:3.15.3] AndroidManifest.xml:40:5-92
44-->[com.onesignal:OneSignal:3.15.3] AndroidManifest.xml:40:22-89
45    <uses-permission android:name="com.huawei.android.launcher.permission.WRITE_SETTINGS" /> <!-- ZUK -->
45-->[com.onesignal:OneSignal:3.15.3] AndroidManifest.xml:41:5-93
45-->[com.onesignal:OneSignal:3.15.3] AndroidManifest.xml:41:22-90
46    <uses-permission android:name="android.permission.READ_APP_BADGE" /> <!-- OPPO -->
46-->[com.onesignal:OneSignal:3.15.3] AndroidManifest.xml:42:5-73
46-->[com.onesignal:OneSignal:3.15.3] AndroidManifest.xml:42:22-70
47    <uses-permission android:name="com.oppo.launcher.permission.READ_SETTINGS" />
47-->[com.onesignal:OneSignal:3.15.3] AndroidManifest.xml:43:5-82
47-->[com.onesignal:OneSignal:3.15.3] AndroidManifest.xml:43:22-79
48    <uses-permission android:name="com.oppo.launcher.permission.WRITE_SETTINGS" /> <!-- EvMe -->
48-->[com.onesignal:OneSignal:3.15.3] AndroidManifest.xml:44:5-83
48-->[com.onesignal:OneSignal:3.15.3] AndroidManifest.xml:44:22-80
49    <uses-permission android:name="me.everything.badger.permission.BADGE_COUNT_READ" />
49-->[com.onesignal:OneSignal:3.15.3] AndroidManifest.xml:45:5-88
49-->[com.onesignal:OneSignal:3.15.3] AndroidManifest.xml:45:22-85
50    <uses-permission android:name="me.everything.badger.permission.BADGE_COUNT_WRITE" />
50-->[com.onesignal:OneSignal:3.15.3] AndroidManifest.xml:46:5-89
50-->[com.onesignal:OneSignal:3.15.3] AndroidManifest.xml:46:22-86
51    <!--
52 io.flutter.app.FlutterApplication is an android.app.Application that
53         calls FlutterMain.startInitialization(this); in its onCreate method.
54         In most cases you can leave this as-is, but you if you want to provide
55         additional functionality it is fine to subclass or reimplement
56         FlutterApplication and put your custom class here.
57    -->
58    <application
58-->src/main/AndroidManifest.xml:8:5-46:19
59        android:name="io.flutter.app.FlutterApplication"
59-->src/main/AndroidManifest.xml:9:9-57
60        android:appComponentFactory="androidx.core.app.CoreComponentFactory"
60-->[androidx.core:core:1.1.0] AndroidManifest.xml:24:18-86
61        android:debuggable="true"
62        android:icon="@mipmap/ic_launcher"
62-->src/main/AndroidManifest.xml:11:9-43
63        android:label="vig_prot" >
63-->src/main/AndroidManifest.xml:10:9-33
64        <activity
64-->src/main/AndroidManifest.xml:12:9-40:20
65            android:name="com.example.vig_prot.MainActivity"
65-->src/main/AndroidManifest.xml:13:13-41
66            android:configChanges="orientation|keyboardHidden|keyboard|screenSize|smallestScreenSize|locale|layoutDirection|fontScale|screenLayout|density|uiMode"
66-->src/main/AndroidManifest.xml:16:13-163
67            android:hardwareAccelerated="true"
67-->src/main/AndroidManifest.xml:17:13-47
68            android:launchMode="singleTop"
68-->src/main/AndroidManifest.xml:14:13-43
69            android:theme="@style/LaunchTheme"
69-->src/main/AndroidManifest.xml:15:13-47
70            android:windowSoftInputMode="adjustResize" >
70-->src/main/AndroidManifest.xml:18:13-55
71
72            <!--
73                 Specifies an Android theme to apply to this Activity as soon as
74                 the Android process has started. This theme is visible to the user
75                 while the Flutter UI initializes. After that, this theme continues
76                 to determine the Window background behind the Flutter UI.
77            -->
78            <meta-data
78-->src/main/AndroidManifest.xml:23:13-26:17
79                android:name="io.flutter.embedding.android.NormalTheme"
79-->src/main/AndroidManifest.xml:24:15-70
80                android:resource="@style/NormalTheme" />
80-->src/main/AndroidManifest.xml:25:15-52
81            <!--
82                 Displays an Android View that continues showing the launch screen
83                 Drawable until Flutter paints its first frame, then this splash
84                 screen fades out. A splash screen is useful to avoid any visual
85                 gap between the end of Android's launch screen and the painting of
86                 Flutter's first frame.
87            -->
88            <meta-data
88-->src/main/AndroidManifest.xml:32:13-35:17
89                android:name="io.flutter.embedding.android.SplashScreenDrawable"
89-->src/main/AndroidManifest.xml:33:15-79
90                android:resource="@drawable/launch_background" />
90-->src/main/AndroidManifest.xml:34:15-61
91
92            <intent-filter>
92-->src/main/AndroidManifest.xml:36:13-39:29
93                <action android:name="android.intent.action.MAIN" />
93-->src/main/AndroidManifest.xml:37:17-68
93-->src/main/AndroidManifest.xml:37:25-66
94
95                <category android:name="android.intent.category.LAUNCHER" />
95-->src/main/AndroidManifest.xml:38:17-76
95-->src/main/AndroidManifest.xml:38:27-74
96            </intent-filter>
97        </activity>
98        <!--
99             Don't delete the meta-data below.
100             This is used by the Flutter tool to generate GeneratedPluginRegistrant.java
101        -->
102        <meta-data
102-->src/main/AndroidManifest.xml:43:9-45:33
103            android:name="flutterEmbedding"
103-->src/main/AndroidManifest.xml:44:13-44
104            android:value="2" />
104-->src/main/AndroidManifest.xml:45:13-30
105        <meta-data
105-->[com.onesignal:OneSignal:3.15.3] AndroidManifest.xml:49:9-51:51
106            android:name="onesignal_app_id"
106-->[com.onesignal:OneSignal:3.15.3] AndroidManifest.xml:50:13-44
107            android:value="${onesignal_app_id}" /> <!-- Deprecated - Pulled from OneSignal dashboard. -->
107-->[com.onesignal:OneSignal:3.15.3] AndroidManifest.xml:51:13-48
108        <meta-data
108-->[com.onesignal:OneSignal:3.15.3] AndroidManifest.xml:53:9-55:70
109            android:name="onesignal_google_project_number"
109-->[com.onesignal:OneSignal:3.15.3] AndroidManifest.xml:54:13-59
110            android:value="str:${onesignal_google_project_number}" />
110-->[com.onesignal:OneSignal:3.15.3] AndroidManifest.xml:55:13-67
111
112        <receiver
112-->[com.onesignal:OneSignal:3.15.3] AndroidManifest.xml:57:9-67:20
113            android:name="com.onesignal.GcmBroadcastReceiver"
113-->[com.onesignal:OneSignal:3.15.3] AndroidManifest.xml:58:13-62
114            android:permission="com.google.android.c2dm.permission.SEND" >
114-->[com.onesignal:OneSignal:3.15.3] AndroidManifest.xml:59:13-73
115
116            <!-- High priority so OneSignal payloads can be filtered from other GCM receivers if filterOtherGCMReceivers is enabled. -->
117            <intent-filter android:priority="999" >
117-->[com.onesignal:OneSignal:3.15.3] AndroidManifest.xml:62:13-66:29
117-->[com.onesignal:OneSignal:3.15.3] AndroidManifest.xml:62:28-50
118                <action android:name="com.google.android.c2dm.intent.RECEIVE" />
118-->[com.onesignal:OneSignal:3.15.3] AndroidManifest.xml:63:17-81
118-->[com.onesignal:OneSignal:3.15.3] AndroidManifest.xml:63:25-78
119
120                <category android:name="com.example.vig_prot" />
120-->[com.onesignal:OneSignal:3.15.3] AndroidManifest.xml:65:17-61
120-->[com.onesignal:OneSignal:3.15.3] AndroidManifest.xml:65:27-58
121            </intent-filter>
122        </receiver>
123        <receiver android:name="com.onesignal.NotificationOpenedReceiver" />
123-->[com.onesignal:OneSignal:3.15.3] AndroidManifest.xml:68:9-77
123-->[com.onesignal:OneSignal:3.15.3] AndroidManifest.xml:68:19-74
124
125        <service
125-->[com.onesignal:OneSignal:3.15.3] AndroidManifest.xml:70:9-76:19
126            android:name="com.onesignal.HmsMessageServiceOneSignal"
126-->[com.onesignal:OneSignal:3.15.3] AndroidManifest.xml:71:13-68
127            android:exported="false" >
127-->[com.onesignal:OneSignal:3.15.3] AndroidManifest.xml:72:13-37
128            <intent-filter>
128-->[com.onesignal:OneSignal:3.15.3] AndroidManifest.xml:73:13-75:29
129                <action android:name="com.huawei.push.action.MESSAGING_EVENT" />
129-->[com.onesignal:OneSignal:3.15.3] AndroidManifest.xml:74:17-81
129-->[com.onesignal:OneSignal:3.15.3] AndroidManifest.xml:74:25-78
130            </intent-filter>
131        </service>
132
133        <activity
133-->[com.onesignal:OneSignal:3.15.3] AndroidManifest.xml:78:9-84:20
134            android:name="com.onesignal.NotificationOpenedActivityHMS"
134-->[com.onesignal:OneSignal:3.15.3] AndroidManifest.xml:79:13-71
135            android:theme="@android:style/Theme.Translucent.NoTitleBar" >
135-->[com.onesignal:OneSignal:3.15.3] AndroidManifest.xml:80:13-72
136            <intent-filter>
136-->[com.onesignal:OneSignal:3.15.3] AndroidManifest.xml:81:13-83:29
137                <action android:name="android.intent.action.VIEW" />
137-->[com.onesignal:OneSignal:3.15.3] AndroidManifest.xml:82:17-69
137-->[com.onesignal:OneSignal:3.15.3] AndroidManifest.xml:82:25-66
138            </intent-filter>
139        </activity>
140
141        <service android:name="com.onesignal.GcmIntentService" />
141-->[com.onesignal:OneSignal:3.15.3] AndroidManifest.xml:86:9-66
141-->[com.onesignal:OneSignal:3.15.3] AndroidManifest.xml:86:18-63
142        <service
142-->[com.onesignal:OneSignal:3.15.3] AndroidManifest.xml:87:9-89:72
143            android:name="com.onesignal.GcmIntentJobService"
143-->[com.onesignal:OneSignal:3.15.3] AndroidManifest.xml:88:13-61
144            android:permission="android.permission.BIND_JOB_SERVICE" />
144-->[com.onesignal:OneSignal:3.15.3] AndroidManifest.xml:89:13-69
145        <service
145-->[com.onesignal:OneSignal:3.15.3] AndroidManifest.xml:90:9-92:72
146            android:name="com.onesignal.RestoreJobService"
146-->[com.onesignal:OneSignal:3.15.3] AndroidManifest.xml:91:13-59
147            android:permission="android.permission.BIND_JOB_SERVICE" />
147-->[com.onesignal:OneSignal:3.15.3] AndroidManifest.xml:92:13-69
148        <service
148-->[com.onesignal:OneSignal:3.15.3] AndroidManifest.xml:93:9-95:72
149            android:name="com.onesignal.RestoreKickoffJobService"
149-->[com.onesignal:OneSignal:3.15.3] AndroidManifest.xml:94:13-66
150            android:permission="android.permission.BIND_JOB_SERVICE" />
150-->[com.onesignal:OneSignal:3.15.3] AndroidManifest.xml:95:13-69
151        <service
151-->[com.onesignal:OneSignal:3.15.3] AndroidManifest.xml:96:9-98:43
152            android:name="com.onesignal.SyncService"
152-->[com.onesignal:OneSignal:3.15.3] AndroidManifest.xml:97:13-53
153            android:stopWithTask="true" />
153-->[com.onesignal:OneSignal:3.15.3] AndroidManifest.xml:98:13-40
154        <service
154-->[com.onesignal:OneSignal:3.15.3] AndroidManifest.xml:99:9-101:72
155            android:name="com.onesignal.SyncJobService"
155-->[com.onesignal:OneSignal:3.15.3] AndroidManifest.xml:100:13-56
156            android:permission="android.permission.BIND_JOB_SERVICE" />
156-->[com.onesignal:OneSignal:3.15.3] AndroidManifest.xml:101:13-69
157
158        <activity
158-->[com.onesignal:OneSignal:3.15.3] AndroidManifest.xml:103:9-105:75
159            android:name="com.onesignal.PermissionsActivity"
159-->[com.onesignal:OneSignal:3.15.3] AndroidManifest.xml:104:13-61
160            android:theme="@android:style/Theme.Translucent.NoTitleBar" />
160-->[com.onesignal:OneSignal:3.15.3] AndroidManifest.xml:105:13-72
161
162        <service android:name="com.onesignal.NotificationRestoreService" />
162-->[com.onesignal:OneSignal:3.15.3] AndroidManifest.xml:107:9-76
162-->[com.onesignal:OneSignal:3.15.3] AndroidManifest.xml:107:18-73
163
164        <receiver android:name="com.onesignal.BootUpReceiver" >
164-->[com.onesignal:OneSignal:3.15.3] AndroidManifest.xml:109:9-114:20
164-->[com.onesignal:OneSignal:3.15.3] AndroidManifest.xml:109:19-62
165            <intent-filter>
165-->[com.onesignal:OneSignal:3.15.3] AndroidManifest.xml:110:13-113:29
166                <action android:name="android.intent.action.BOOT_COMPLETED" />
166-->[com.onesignal:OneSignal:3.15.3] AndroidManifest.xml:111:17-79
166-->[com.onesignal:OneSignal:3.15.3] AndroidManifest.xml:111:25-76
167                <action android:name="android.intent.action.QUICKBOOT_POWERON" />
167-->[com.onesignal:OneSignal:3.15.3] AndroidManifest.xml:112:17-82
167-->[com.onesignal:OneSignal:3.15.3] AndroidManifest.xml:112:25-79
168            </intent-filter>
169        </receiver>
170        <receiver android:name="com.onesignal.UpgradeReceiver" >
170-->[com.onesignal:OneSignal:3.15.3] AndroidManifest.xml:115:9-119:20
170-->[com.onesignal:OneSignal:3.15.3] AndroidManifest.xml:115:19-63
171            <intent-filter>
171-->[com.onesignal:OneSignal:3.15.3] AndroidManifest.xml:116:13-118:29
172                <action android:name="android.intent.action.MY_PACKAGE_REPLACED" />
172-->[com.onesignal:OneSignal:3.15.3] AndroidManifest.xml:117:17-84
172-->[com.onesignal:OneSignal:3.15.3] AndroidManifest.xml:117:25-81
173            </intent-filter>
174        </receiver>
175        <!--
176             FirebaseMessagingService performs security checks at runtime,
177             no need for explicit permissions despite exported="true"
178        -->
179        <service
179-->[com.google.firebase:firebase-messaging:17.3.3] AndroidManifest.xml:28:9-34:19
180            android:name="com.google.firebase.messaging.FirebaseMessagingService"
180-->[com.google.firebase:firebase-messaging:17.3.3] AndroidManifest.xml:29:13-82
181            android:exported="true" >
181-->[com.google.firebase:firebase-messaging:17.3.3] AndroidManifest.xml:30:13-36
182            <intent-filter android:priority="-500" >
182-->[com.google.firebase:firebase-messaging:17.3.3] AndroidManifest.xml:31:13-33:29
182-->[com.google.firebase:firebase-messaging:17.3.3] AndroidManifest.xml:31:28-51
183                <action android:name="com.google.firebase.MESSAGING_EVENT" />
183-->[com.google.firebase:firebase-messaging:17.3.3] AndroidManifest.xml:32:17-78
183-->[com.google.firebase:firebase-messaging:17.3.3] AndroidManifest.xml:32:25-75
184            </intent-filter>
185        </service>
186        <service
186-->[com.google.firebase:firebase-iid:17.0.3] AndroidManifest.xml:29:9-35:19
187            android:name="com.google.firebase.components.ComponentDiscoveryService"
187-->[com.google.firebase:firebase-iid:17.0.3] AndroidManifest.xml:30:13-84
188            android:exported="false" >
188-->[com.google.firebase:firebase-iid:17.0.3] AndroidManifest.xml:31:13-37
189            <meta-data
189-->[com.google.firebase:firebase-iid:17.0.3] AndroidManifest.xml:32:13-34:85
190                android:name="com.google.firebase.components:com.google.firebase.iid.Registrar"
190-->[com.google.firebase:firebase-iid:17.0.3] AndroidManifest.xml:33:17-96
191                android:value="com.google.firebase.components.ComponentRegistrar" />
191-->[com.google.firebase:firebase-iid:17.0.3] AndroidManifest.xml:34:17-82
192        </service>
193
194        <receiver
194-->[com.google.firebase:firebase-iid:17.0.3] AndroidManifest.xml:37:9-44:20
195            android:name="com.google.firebase.iid.FirebaseInstanceIdReceiver"
195-->[com.google.firebase:firebase-iid:17.0.3] AndroidManifest.xml:38:13-78
196            android:exported="true"
196-->[com.google.firebase:firebase-iid:17.0.3] AndroidManifest.xml:39:13-36
197            android:permission="com.google.android.c2dm.permission.SEND" >
197-->[com.google.firebase:firebase-iid:17.0.3] AndroidManifest.xml:40:13-73
198            <intent-filter>
198-->[com.google.firebase:firebase-iid:17.0.3] AndroidManifest.xml:41:13-43:29
199                <action android:name="com.google.android.c2dm.intent.RECEIVE" />
199-->[com.onesignal:OneSignal:3.15.3] AndroidManifest.xml:63:17-81
199-->[com.onesignal:OneSignal:3.15.3] AndroidManifest.xml:63:25-78
200            </intent-filter>
201        </receiver>
202        <!--
203             FirebaseInstanceIdService performs security checks at runtime,
204             no need for explicit permissions despite exported="true"
205        -->
206        <service
206-->[com.google.firebase:firebase-iid:17.0.3] AndroidManifest.xml:50:9-56:19
207            android:name="com.google.firebase.iid.FirebaseInstanceIdService"
207-->[com.google.firebase:firebase-iid:17.0.3] AndroidManifest.xml:51:13-77
208            android:exported="true" >
208-->[com.google.firebase:firebase-iid:17.0.3] AndroidManifest.xml:52:13-36
209            <intent-filter android:priority="-500" >
209-->[com.google.firebase:firebase-iid:17.0.3] AndroidManifest.xml:53:13-55:29
209-->[com.google.firebase:firebase-iid:17.0.3] AndroidManifest.xml:53:28-51
210                <action android:name="com.google.firebase.INSTANCE_ID_EVENT" />
210-->[com.google.firebase:firebase-iid:17.0.3] AndroidManifest.xml:54:17-80
210-->[com.google.firebase:firebase-iid:17.0.3] AndroidManifest.xml:54:25-77
211            </intent-filter>
212        </service>
213
214        <provider
214-->[com.google.firebase:firebase-common:16.0.3] AndroidManifest.xml:10:9-14:39
215            android:name="com.google.firebase.provider.FirebaseInitProvider"
215-->[com.google.firebase:firebase-common:16.0.3] AndroidManifest.xml:11:13-77
216            android:authorities="com.example.vig_prot.firebaseinitprovider"
216-->[com.google.firebase:firebase-common:16.0.3] AndroidManifest.xml:12:13-72
217            android:exported="false"
217-->[com.google.firebase:firebase-common:16.0.3] AndroidManifest.xml:13:13-37
218            android:initOrder="100" />
218-->[com.google.firebase:firebase-common:16.0.3] AndroidManifest.xml:14:13-36
219
220        <activity
220-->[com.google.android.gms:play-services-base:16.0.1] AndroidManifest.xml:23:9-26:75
221            android:name="com.google.android.gms.common.api.GoogleApiActivity"
221-->[com.google.android.gms:play-services-base:16.0.1] AndroidManifest.xml:24:13-79
222            android:exported="false"
222-->[com.google.android.gms:play-services-base:16.0.1] AndroidManifest.xml:25:13-37
223            android:theme="@android:style/Theme.Translucent.NoTitleBar" />
223-->[com.google.android.gms:play-services-base:16.0.1] AndroidManifest.xml:26:13-72
224
225        <meta-data
225-->[com.google.android.gms:play-services-basement:16.0.1] AndroidManifest.xml:23:9-25:69
226            android:name="com.google.android.gms.version"
226-->[com.google.android.gms:play-services-basement:16.0.1] AndroidManifest.xml:24:13-58
227            android:value="@integer/google_play_services_version" />
227-->[com.google.android.gms:play-services-basement:16.0.1] AndroidManifest.xml:25:13-66
228    </application>
229
230</manifest>